2017-06-29 13:46:16 - HV000001: Hibernate Validator 5.3.5.Final
2017-06-29 13:46:20 - Starting OccApplication on MATTHEWs-MacBook-Air.local with PID 1752 (/Users/matthewlee/zulu/occ/target/classes started by matthewlee in /Users/matthewlee/zulu/occ)
2017-06-29 13:46:20 - No active profile set, falling back to default profiles: default
2017-06-29 13:46:20 - Refreshing org.springframework.boot.context.embedded.AnnotationConfigEmbeddedWebApplicationContext@7ff95560: startup date [Thu Jun 29 13:46:20 CDT 2017]; root of context hierarchy
2017-06-29 13:46:23 - Tomcat initialized with port(s): 8080 (http)
2017-06-29 13:46:23 - Starting service [Tomcat]
2017-06-29 13:46:23 - Starting Servlet Engine: Apache Tomcat/8.5.15
2017-06-29 13:46:23 - Initializing Spring embedded WebApplicationContext
2017-06-29 13:46:23 - Root WebApplicationContext: initialization completed in 2606 ms
2017-06-29 13:46:23 - Mapping filter: 'characterEncodingFilter' to: [/*]
2017-06-29 13:46:23 - Mapping filter: 'springSecurityFilterChain' to: [/*]
2017-06-29 13:46:23 - Mapping servlet: 'dispatcherServlet' to [/]
2017-06-29 13:46:29 - Loaded JDBC driver: com.mysql.jdbc.Driver
2017-06-29 13:46:29 - Building JPA container EntityManagerFactory for persistence unit 'default'
2017-06-29 13:46:29 - HHH000204: Processing PersistenceUnitInfo [
	name: default
	...]
2017-06-29 13:46:29 - HHH000412: Hibernate Core {5.0.12.Final}
2017-06-29 13:46:29 - HHH000206: hibernate.properties not found
2017-06-29 13:46:29 - HHH000021: Bytecode provider name : javassist
2017-06-29 13:46:29 - HCANN000001: Hibernate Commons Annotations {5.0.1.Final}
2017-06-29 13:46:30 - HHH000400: Using dialect: org.hibernate.dialect.MySQL5Dialect
2017-06-29 13:46:31 - HHH000228: Running hbm2ddl schema update
2017-06-29 13:46:31 - Initialized JPA EntityManagerFactory for persistence unit 'default'
2017-06-29 13:46:31 - Mapped "{[/error]}" onto public org.springframework.http.ResponseEntity<java.util.Map<java.lang.String, java.lang.Object>> org.springframework.boot.autoconfigure.web.BasicErrorController.error(javax.servlet.http.HttpServletRequest)
2017-06-29 13:46:31 - Mapped "{[/error],produces=[text/html]}" onto public org.springframework.web.servlet.ModelAndView org.springframework.boot.autoconfigure.web.BasicErrorController.errorHtml(javax.servlet.http.HttpServletRequest,javax.servlet.http.HttpServletResponse)
2017-06-29 13:46:31 - Looking for @ControllerAdvice: org.springframework.boot.context.embedded.AnnotationConfigEmbeddedWebApplicationContext@7ff95560: startup date [Thu Jun 29 13:46:20 CDT 2017]; root of context hierarchy
2017-06-29 13:46:32 - 

Using default security password: 4c33a8ad-90a0-492d-9352-ed095c354fc5

2017-06-29 13:46:32 - Creating filter chain: OrRequestMatcher [requestMatchers=[Ant [pattern='/css/**'], Ant [pattern='/js/**'], Ant [pattern='/images/**'], Ant [pattern='/webjars/**'], Ant [pattern='/**/favicon.ico'], Ant [pattern='/error']]], []
2017-06-29 13:46:32 - Exception encountered during context initialization - cancelling refresh attempt: org.springframework.beans.factory.BeanCreationException: Error creating bean with name 'springSecurityFilterChain' defined in class path resource [org/springframework/security/config/annotation/web/configuration/WebSecurityConfiguration.class]: Bean instantiation via factory method failed; nested exception is org.springframework.beans.BeanInstantiationException: Failed to instantiate [javax.servlet.Filter]: Factory method 'springSecurityFilterChain' threw exception; nested exception is java.lang.IllegalStateException: permitAll only works with HttpSecurity.authorizeRequests()
2017-06-29 13:46:32 - Unregistering JMX-exposed beans on shutdown
2017-06-29 13:46:32 - Closing JPA EntityManagerFactory for persistence unit 'default'
2017-06-29 13:46:32 - Stopping service [Tomcat]
2017-06-29 13:46:32 - 

Error starting ApplicationContext. To display the auto-configuration report re-run your application with 'debug' enabled.
2017-06-29 13:46:32 - Application startup failed
org.springframework.beans.factory.BeanCreationException: Error creating bean with name 'springSecurityFilterChain' defined in class path resource [org/springframework/security/config/annotation/web/configuration/WebSecurityConfiguration.class]: Bean instantiation via factory method failed; nested exception is org.springframework.beans.BeanInstantiationException: Failed to instantiate [javax.servlet.Filter]: Factory method 'springSecurityFilterChain' threw exception; nested exception is java.lang.IllegalStateException: permitAll only works with HttpSecurity.authorizeRequests()
	at org.springframework.beans.factory.support.ConstructorResolver.instantiateUsingFactoryMethod(ConstructorResolver.java:599)
	at org.springframework.beans.factory.support.AbstractAutowireCapableBeanFactory.instantiateUsingFactoryMethod(AbstractAutowireCapableBeanFactory.java:1173)
	at org.springframework.beans.factory.support.AbstractAutowireCapableBeanFactory.createBeanInstance(AbstractAutowireCapableBeanFactory.java:1067)
	at org.springframework.beans.factory.support.AbstractAutowireCapableBeanFactory.doCreateBean(AbstractAutowireCapableBeanFactory.java:513)
	at org.springframework.beans.factory.support.AbstractAutowireCapableBeanFactory.createBean(AbstractAutowireCapableBeanFactory.java:483)
	at org.springframework.beans.factory.support.AbstractBeanFactory$1.getObject(AbstractBeanFactory.java:306)
	at org.springframework.beans.factory.support.DefaultSingletonBeanRegistry.getSingleton(DefaultSingletonBeanRegistry.java:230)
	at org.springframework.beans.factory.support.AbstractBeanFactory.doGetBean(AbstractBeanFactory.java:302)
	at org.springframework.beans.factory.support.AbstractBeanFactory.getBean(AbstractBeanFactory.java:197)
	at org.springframework.beans.factory.support.AbstractBeanFactory.doGetBean(AbstractBeanFactory.java:296)
	at org.springframework.beans.factory.support.AbstractBeanFactory.getBean(AbstractBeanFactory.java:197)
	at org.springframework.beans.factory.support.DefaultListableBeanFactory.preInstantiateSingletons(DefaultListableBeanFactory.java:761)
	at org.springframework.context.support.AbstractApplicationContext.finishBeanFactoryInitialization(AbstractApplicationContext.java:867)
	at org.springframework.context.support.AbstractApplicationContext.refresh(AbstractApplicationContext.java:543)
	at org.springframework.boot.context.embedded.EmbeddedWebApplicationContext.refresh(EmbeddedWebApplicationContext.java:122)
	at org.springframework.boot.SpringApplication.refresh(SpringApplication.java:693)
	at org.springframework.boot.SpringApplication.refreshContext(SpringApplication.java:360)
	at org.springframework.boot.SpringApplication.run(SpringApplication.java:303)
	at org.springframework.boot.SpringApplication.run(SpringApplication.java:1118)
	at org.springframework.boot.SpringApplication.run(SpringApplication.java:1107)
	at chat.OccApplication.main(OccApplication.java:19)
Caused by: org.springframework.beans.BeanInstantiationException: Failed to instantiate [javax.servlet.Filter]: Factory method 'springSecurityFilterChain' threw exception; nested exception is java.lang.IllegalStateException: permitAll only works with HttpSecurity.authorizeRequests()
	at org.springframework.beans.factory.support.SimpleInstantiationStrategy.instantiate(SimpleInstantiationStrategy.java:189)
	at org.springframework.beans.factory.support.ConstructorResolver.instantiateUsingFactoryMethod(ConstructorResolver.java:588)
	... 20 common frames omitted
Caused by: java.lang.IllegalStateException: permitAll only works with HttpSecurity.authorizeRequests()
	at org.springframework.security.config.annotation.web.configurers.PermitAllSupport.permitAll(PermitAllSupport.java:49)
	at org.springframework.security.config.annotation.web.configurers.PermitAllSupport.permitAll(PermitAllSupport.java:36)
	at org.springframework.security.config.annotation.web.configurers.AbstractAuthenticationFilterConfigurer.init(AbstractAuthenticationFilterConfigurer.java:232)
	at org.springframework.security.config.annotation.web.configurers.FormLoginConfigurer.init(FormLoginConfigurer.java:236)
	at org.springframework.security.config.annotation.web.configurers.FormLoginConfigurer.init(FormLoginConfigurer.java:70)
	at org.springframework.security.config.annotation.AbstractConfiguredSecurityBuilder.init(AbstractConfiguredSecurityBuilder.java:371)
	at org.springframework.security.config.annotation.AbstractConfiguredSecurityBuilder.doBuild(AbstractConfiguredSecurityBuilder.java:325)
	at org.springframework.security.config.annotation.AbstractSecurityBuilder.build(AbstractSecurityBuilder.java:41)
	at org.springframework.security.config.annotation.web.builders.WebSecurity.performBuild(WebSecurity.java:290)
	at org.springframework.security.config.annotation.web.builders.WebSecurity.performBuild(WebSecurity.java:77)
	at org.springframework.security.config.annotation.AbstractConfiguredSecurityBuilder.doBuild(AbstractConfiguredSecurityBuilder.java:334)
	at org.springframework.security.config.annotation.AbstractSecurityBuilder.build(AbstractSecurityBuilder.java:41)
	at org.springframework.security.config.annotation.web.configuration.WebSecurityConfiguration.springSecurityFilterChain(WebSecurityConfiguration.java:104)
	at org.springframework.security.config.annotation.web.configuration.WebSecurityConfiguration$$EnhancerBySpringCGLIB$$baa1a76f.CGLIB$springSecurityFilterChain$2(<generated>)
	at org.springframework.security.config.annotation.web.configuration.WebSecurityConfiguration$$EnhancerBySpringCGLIB$$baa1a76f$$FastClassBySpringCGLIB$$467cea80.invoke(<generated>)
	at org.springframework.cglib.proxy.MethodProxy.invokeSuper(MethodProxy.java:228)
	at org.springframework.context.annotation.ConfigurationClassEnhancer$BeanMethodInterceptor.intercept(ConfigurationClassEnhancer.java:358)
	at org.springframework.security.config.annotation.web.configuration.WebSecurityConfiguration$$EnhancerBySpringCGLIB$$baa1a76f.springSecurityFilterChain(<generated>)
	at sun.reflect.NativeMethodAccessorImpl.invoke0(Native Method)
	at sun.reflect.NativeMethodAccessorImpl.invoke(NativeMethodAccessorImpl.java:62)
	at sun.reflect.DelegatingMethodAccessorImpl.invoke(DelegatingMethodAccessorImpl.java:43)
	at java.lang.reflect.Method.invoke(Method.java:498)
	at org.springframework.beans.factory.support.SimpleInstantiationStrategy.instantiate(SimpleInstantiationStrategy.java:162)
	... 21 common frames omitted
2017-06-29 13:47:25 - HV000001: Hibernate Validator 5.3.5.Final
2017-06-29 13:47:30 - Starting OccApplication on MATTHEWs-MacBook-Air.local with PID 1753 (/Users/matthewlee/zulu/occ/target/classes started by matthewlee in /Users/matthewlee/zulu/occ)
2017-06-29 13:47:30 - No active profile set, falling back to default profiles: default
2017-06-29 13:47:30 - Refreshing org.springframework.boot.context.embedded.AnnotationConfigEmbeddedWebApplicationContext@2aa3cd93: startup date [Thu Jun 29 13:47:30 CDT 2017]; root of context hierarchy
2017-06-29 13:47:32 - Tomcat initialized with port(s): 8080 (http)
2017-06-29 13:47:32 - Starting service [Tomcat]
2017-06-29 13:47:32 - Starting Servlet Engine: Apache Tomcat/8.5.15
2017-06-29 13:47:32 - Initializing Spring embedded WebApplicationContext
2017-06-29 13:47:32 - Root WebApplicationContext: initialization completed in 2620 ms
2017-06-29 13:47:33 - Mapping filter: 'characterEncodingFilter' to: [/*]
2017-06-29 13:47:33 - Mapping filter: 'springSecurityFilterChain' to: [/*]
2017-06-29 13:47:33 - Mapping servlet: 'dispatcherServlet' to [/]
2017-06-29 13:47:38 - Loaded JDBC driver: com.mysql.jdbc.Driver
2017-06-29 13:47:38 - Building JPA container EntityManagerFactory for persistence unit 'default'
2017-06-29 13:47:38 - HHH000204: Processing PersistenceUnitInfo [
	name: default
	...]
2017-06-29 13:47:38 - HHH000412: Hibernate Core {5.0.12.Final}
2017-06-29 13:47:38 - HHH000206: hibernate.properties not found
2017-06-29 13:47:38 - HHH000021: Bytecode provider name : javassist
2017-06-29 13:47:38 - HCANN000001: Hibernate Commons Annotations {5.0.1.Final}
2017-06-29 13:47:39 - HHH000400: Using dialect: org.hibernate.dialect.MySQL5Dialect
2017-06-29 13:47:40 - HHH000228: Running hbm2ddl schema update
2017-06-29 13:47:40 - Initialized JPA EntityManagerFactory for persistence unit 'default'
2017-06-29 13:47:40 - Mapped "{[/error]}" onto public org.springframework.http.ResponseEntity<java.util.Map<java.lang.String, java.lang.Object>> org.springframework.boot.autoconfigure.web.BasicErrorController.error(javax.servlet.http.HttpServletRequest)
2017-06-29 13:47:40 - Mapped "{[/error],produces=[text/html]}" onto public org.springframework.web.servlet.ModelAndView org.springframework.boot.autoconfigure.web.BasicErrorController.errorHtml(javax.servlet.http.HttpServletRequest,javax.servlet.http.HttpServletResponse)
2017-06-29 13:47:40 - Looking for @ControllerAdvice: org.springframework.boot.context.embedded.AnnotationConfigEmbeddedWebApplicationContext@2aa3cd93: startup date [Thu Jun 29 13:47:30 CDT 2017]; root of context hierarchy
2017-06-29 13:47:41 - 

Using default security password: 882ba198-3d86-4ae6-8aa1-33f8accd1d37

2017-06-29 13:47:41 - Creating filter chain: OrRequestMatcher [requestMatchers=[Ant [pattern='/css/**'], Ant [pattern='/js/**'], Ant [pattern='/images/**'], Ant [pattern='/webjars/**'], Ant [pattern='/**/favicon.ico'], Ant [pattern='/error']]], []
2017-06-29 13:47:41 - Creating filter chain: org.springframework.security.web.util.matcher.AnyRequestMatcher@1, [org.springframework.security.web.context.request.async.WebAsyncManagerIntegrationFilter@f882465, org.springframework.security.web.context.SecurityContextPersistenceFilter@646cd766, org.springframework.security.web.header.HeaderWriterFilter@44bc2449, org.springframework.security.web.csrf.CsrfFilter@47044f7d, org.springframework.security.web.authentication.logout.LogoutFilter@65eb3597, org.springframework.security.web.authentication.UsernamePasswordAuthenticationFilter@b379bc6, org.springframework.security.web.authentication.ui.DefaultLoginPageGeneratingFilter@7a84788f, org.springframework.security.web.savedrequest.RequestCacheAwareFilter@26457986, org.springframework.security.web.servletapi.SecurityContextHolderAwareRequestFilter@53a50b0a, org.springframework.security.web.authentication.AnonymousAuthenticationFilter@72ecbcb3, org.springframework.security.web.session.SessionManagementFilter@7558c24b, org.springframework.security.web.access.ExceptionTranslationFilter@4a864d4d]
2017-06-29 13:47:41 - Creating filter chain: OrRequestMatcher [requestMatchers=[Ant [pattern='/**']]], [org.springframework.security.web.context.request.async.WebAsyncManagerIntegrationFilter@6af65f29, org.springframework.security.web.context.SecurityContextPersistenceFilter@17c0274c, org.springframework.security.web.header.HeaderWriterFilter@448c92fc, org.springframework.security.web.authentication.logout.LogoutFilter@250d440, org.springframework.security.web.authentication.www.BasicAuthenticationFilter@76c86567, org.springframework.security.web.savedrequest.RequestCacheAwareFilter@7abeabe9, org.springframework.security.web.servletapi.SecurityContextHolderAwareRequestFilter@5a05dd30, org.springframework.security.web.authentication.AnonymousAuthenticationFilter@370c9018, org.springframework.security.web.session.SessionManagementFilter@251c8145, org.springframework.security.web.access.ExceptionTranslationFilter@25791d40, org.springframework.security.web.access.intercept.FilterSecurityInterceptor@a2b54e3]
2017-06-29 13:47:42 - Registering beans for JMX exposure on startup
2017-06-29 13:47:42 - Initializing ProtocolHandler ["http-nio-8080"]
2017-06-29 13:47:42 - Starting ProtocolHandler ["http-nio-8080"]
2017-06-29 13:47:42 - Using a shared selector for servlet write/read
2017-06-29 13:47:42 - Tomcat started on port(s): 8080 (http)
2017-06-29 13:47:42 - ----- inside ChatApplication -----
2017-06-29 13:47:42 - ----- inside ChatMsgUserPersistence -----
2017-06-29 13:47:42 - HHH000397: Using ASTQueryTranslatorFactory
2017-06-29 13:47:42 - ----- end ChatMsgUserPersistence -----
2017-06-29 13:47:42 - 1 alex alex@gmail.com
2017-06-29 13:47:42 - 2 bob bob@gmail.com
2017-06-29 13:47:42 - ----- end ChatApplication -----
2017-06-29 13:47:42 - ----- inside ParseCmdLine -----
2017-06-29 13:47:42 - API#,Operator,Operator ID,WellType,WellName,WellNumber,OrderNumbers
2017-06-29 13:47:42 - 3500300026,PHOENIX PETROCORP INC,19499,2R,SE EUREKA UNIT-TUCKER #1,21,133856
2017-06-29 13:47:42 - 3500300163,CHAMPLIN EXPLORATION INC,4030,2R,CHRISTENSEN,1,470258
2017-06-29 13:47:42 - 3500320145,CONTINENTAL RESOURCES INC,3186,CDW,SINGREE,1,446603
2017-06-29 13:47:42 - 3500320786,LINN OPERATING INC,22182,2R,NE CHEROKEE UNIT,85,329426
2017-06-29 13:47:42 - 3500320929,CHAPARRAL ENERGY LLC,16896,2D,R & H,1,483848
2017-06-29 13:47:42 - 3500321074,SANDRIDGE EXPLORATION & PRODUCTION LLC,22281,2R,VELMA,2-19,281652
2017-06-29 13:47:42 - 3500321081,CHAMPLIN EXPLORATION INC,4030,2R,HOLLAND,1-20,470256
2017-06-29 13:47:42 - 3500321107,CHAMPLIN EXPLORATION INC,4030,2R,GRAY,1A,470257
2017-06-29 13:47:42 - 3500321242,PARADIGM PETROLEUM CORPORATION,22867,2R,NORTH CARMEN RED FORK UNIT,8,405305
2017-06-29 13:47:42 - 3500321328,PRIDE ENERGY COMPANY,19430,2D,LESLIE,A-1,1006450004
2017-06-29 13:47:42 - API#,Operator,Operator ID,WellType,WellName,WellNumber,OrderNumbers
2017-06-29 13:47:42 - 3500300026,PHOENIX PETROCORP INC,19499,2R,SE EUREKA UNIT-TUCKER #1,21,133856
2017-06-29 13:47:42 - 3500300163,CHAMPLIN EXPLORATION INC,4030,2R,CHRISTENSEN,1,470258
2017-06-29 13:47:42 - 3500320145,CONTINENTAL RESOURCES INC,3186,CDW,SINGREE,1,446603
2017-06-29 13:47:42 - 3500320786,LINN OPERATING INC,22182,2R,NE CHEROKEE UNIT,85,329426
2017-06-29 13:47:42 - 3500320929,CHAPARRAL ENERGY LLC,16896,2D,R & H,1,483848
2017-06-29 13:47:42 - 3500321074,SANDRIDGE EXPLORATION & PRODUCTION LLC,22281,2R,VELMA,2-19,281652
2017-06-29 13:47:42 - 3500321081,CHAMPLIN EXPLORATION INC,4030,2R,HOLLAND,1-20,470256
2017-06-29 13:47:42 - 3500321107,CHAMPLIN EXPLORATION INC,4030,2R,GRAY,1A,470257
2017-06-29 13:47:42 - 3500321242,PARADIGM PETROLEUM CORPORATION,22867,2R,NORTH CARMEN RED FORK UNIT,8,405305
2017-06-29 13:47:42 - 3500321328,PRIDE ENERGY COMPANY,19430,2D,LESLIE,A-1,1006450004
2017-06-29 13:47:42 - ----- end ParseCmdLine -----
2017-06-29 13:47:42 - Started OccApplication in 27.799 seconds (JVM running for 28.351)
2017-06-29 13:47:50 - Closing org.springframework.boot.context.embedded.AnnotationConfigEmbeddedWebApplicationContext@2aa3cd93: startup date [Thu Jun 29 13:47:30 CDT 2017]; root of context hierarchy
2017-06-29 13:47:50 - Unregistering JMX-exposed beans on shutdown
2017-06-29 13:47:50 - Closing JPA EntityManagerFactory for persistence unit 'default'
2017-06-29 19:50:33 - HV000001: Hibernate Validator 5.3.5.Final
2017-06-29 19:50:37 - Starting OccApplication on MATTHEWs-MacBook-Air.local with PID 1943 (/Users/matthewlee/zulu/occ/target/classes started by matthewlee in /Users/matthewlee/zulu/occ)
2017-06-29 19:50:37 - No active profile set, falling back to default profiles: default
2017-06-29 19:50:38 - Refreshing org.springframework.boot.context.embedded.AnnotationConfigEmbeddedWebApplicationContext@2aa3cd93: startup date [Thu Jun 29 19:50:38 CDT 2017]; root of context hierarchy
2017-06-29 19:50:40 - Tomcat initialized with port(s): 8080 (http)
2017-06-29 19:50:40 - Starting service [Tomcat]
2017-06-29 19:50:40 - Starting Servlet Engine: Apache Tomcat/8.5.15
2017-06-29 19:50:40 - Initializing Spring embedded WebApplicationContext
2017-06-29 19:50:40 - Root WebApplicationContext: initialization completed in 2441 ms
2017-06-29 19:50:40 - Mapping filter: 'characterEncodingFilter' to: [/*]
2017-06-29 19:50:40 - Mapping filter: 'springSecurityFilterChain' to: [/*]
2017-06-29 19:50:40 - Mapping servlet: 'dispatcherServlet' to [/]
2017-06-29 19:50:46 - Loaded JDBC driver: com.mysql.jdbc.Driver
2017-06-29 19:50:46 - Building JPA container EntityManagerFactory for persistence unit 'default'
2017-06-29 19:50:46 - HHH000204: Processing PersistenceUnitInfo [
	name: default
	...]
2017-06-29 19:50:46 - HHH000412: Hibernate Core {5.0.12.Final}
2017-06-29 19:50:46 - HHH000206: hibernate.properties not found
2017-06-29 19:50:46 - HHH000021: Bytecode provider name : javassist
2017-06-29 19:50:46 - HCANN000001: Hibernate Commons Annotations {5.0.1.Final}
2017-06-29 19:50:47 - HHH000400: Using dialect: org.hibernate.dialect.MySQL5Dialect
2017-06-29 19:50:47 - HHH000228: Running hbm2ddl schema update
2017-06-29 19:50:47 - Initialized JPA EntityManagerFactory for persistence unit 'default'
2017-06-29 19:50:48 - Mapped "{[/error]}" onto public org.springframework.http.ResponseEntity<java.util.Map<java.lang.String, java.lang.Object>> org.springframework.boot.autoconfigure.web.BasicErrorController.error(javax.servlet.http.HttpServletRequest)
2017-06-29 19:50:48 - Mapped "{[/error],produces=[text/html]}" onto public org.springframework.web.servlet.ModelAndView org.springframework.boot.autoconfigure.web.BasicErrorController.errorHtml(javax.servlet.http.HttpServletRequest,javax.servlet.http.HttpServletResponse)
2017-06-29 19:50:48 - Looking for @ControllerAdvice: org.springframework.boot.context.embedded.AnnotationConfigEmbeddedWebApplicationContext@2aa3cd93: startup date [Thu Jun 29 19:50:38 CDT 2017]; root of context hierarchy
2017-06-29 19:50:49 - 

Using default security password: 6d94d4c7-5316-40aa-8ea4-c1071757897c

2017-06-29 19:50:49 - Creating filter chain: OrRequestMatcher [requestMatchers=[Ant [pattern='/css/**'], Ant [pattern='/js/**'], Ant [pattern='/images/**'], Ant [pattern='/webjars/**'], Ant [pattern='/**/favicon.ico'], Ant [pattern='/error']]], []
2017-06-29 19:50:49 - Creating filter chain: org.springframework.security.web.util.matcher.AnyRequestMatcher@1, [org.springframework.security.web.context.request.async.WebAsyncManagerIntegrationFilter@10f405ff, org.springframework.security.web.context.SecurityContextPersistenceFilter@25791d40, org.springframework.security.web.header.HeaderWriterFilter@7f0f84d4, org.springframework.security.web.csrf.CsrfFilter@7a84788f, org.springframework.security.web.authentication.logout.LogoutFilter@1efac5b9, org.springframework.security.web.authentication.UsernamePasswordAuthenticationFilter@40df6090, org.springframework.security.web.authentication.ui.DefaultLoginPageGeneratingFilter@3db65c0d, org.springframework.security.web.savedrequest.RequestCacheAwareFilter@251c8145, org.springframework.security.web.servletapi.SecurityContextHolderAwareRequestFilter@5a4dda2, org.springframework.security.web.authentication.AnonymousAuthenticationFilter@7f27f59b, org.springframework.security.web.session.SessionManagementFilter@26e8ff8c, org.springframework.security.web.access.ExceptionTranslationFilter@38e83838]
2017-06-29 19:50:49 - Creating filter chain: OrRequestMatcher [requestMatchers=[Ant [pattern='/**']]], [org.springframework.security.web.context.request.async.WebAsyncManagerIntegrationFilter@353e6389, org.springframework.security.web.context.SecurityContextPersistenceFilter@689faf79, org.springframework.security.web.header.HeaderWriterFilter@2fd1ad8a, org.springframework.security.web.authentication.logout.LogoutFilter@de579ff, org.springframework.security.web.authentication.www.BasicAuthenticationFilter@7971c2a9, org.springframework.security.web.savedrequest.RequestCacheAwareFilter@582e9152, org.springframework.security.web.servletapi.SecurityContextHolderAwareRequestFilter@7a31ca20, org.springframework.security.web.authentication.AnonymousAuthenticationFilter@15e8f9b2, org.springframework.security.web.session.SessionManagementFilter@357f6391, org.springframework.security.web.access.ExceptionTranslationFilter@3b11620a, org.springframework.security.web.access.intercept.FilterSecurityInterceptor@5287ba5f]
2017-06-29 19:50:49 - Registering beans for JMX exposure on startup
2017-06-29 19:50:49 - Initializing ProtocolHandler ["http-nio-8080"]
2017-06-29 19:50:49 - Starting ProtocolHandler ["http-nio-8080"]
2017-06-29 19:50:49 - Using a shared selector for servlet write/read
2017-06-29 19:50:49 - Tomcat started on port(s): 8080 (http)
2017-06-29 19:50:49 - ----- inside ChatApplication -----
2017-06-29 19:50:49 - ----- inside ChatMsgUserPersistence -----
2017-06-29 19:50:49 - HHH000397: Using ASTQueryTranslatorFactory
2017-06-29 19:50:50 - ----- end ChatMsgUserPersistence -----
2017-06-29 19:50:50 - 1 alex alex@gmail.com secret user 1 
2017-06-29 19:50:50 - 2 bob bob@gmail.com secret user 0 
2017-06-29 19:50:50 - ----- end ChatApplication -----
2017-06-29 19:50:50 - ----- inside ParseCmdLine -----
2017-06-29 19:50:50 - API#,Operator,Operator ID,WellType,WellName,WellNumber,OrderNumbers
2017-06-29 19:50:50 - 3500300026,PHOENIX PETROCORP INC,19499,2R,SE EUREKA UNIT-TUCKER #1,21,133856
2017-06-29 19:50:50 - 3500300163,CHAMPLIN EXPLORATION INC,4030,2R,CHRISTENSEN,1,470258
2017-06-29 19:50:50 - 3500320145,CONTINENTAL RESOURCES INC,3186,CDW,SINGREE,1,446603
2017-06-29 19:50:50 - 3500320786,LINN OPERATING INC,22182,2R,NE CHEROKEE UNIT,85,329426
2017-06-29 19:50:50 - 3500320929,CHAPARRAL ENERGY LLC,16896,2D,R & H,1,483848
2017-06-29 19:50:50 - 3500321074,SANDRIDGE EXPLORATION & PRODUCTION LLC,22281,2R,VELMA,2-19,281652
2017-06-29 19:50:50 - 3500321081,CHAMPLIN EXPLORATION INC,4030,2R,HOLLAND,1-20,470256
2017-06-29 19:50:50 - 3500321107,CHAMPLIN EXPLORATION INC,4030,2R,GRAY,1A,470257
2017-06-29 19:50:50 - 3500321242,PARADIGM PETROLEUM CORPORATION,22867,2R,NORTH CARMEN RED FORK UNIT,8,405305
2017-06-29 19:50:50 - 3500321328,PRIDE ENERGY COMPANY,19430,2D,LESLIE,A-1,1006450004
2017-06-29 19:50:50 - API#,Operator,Operator ID,WellType,WellName,WellNumber,OrderNumbers
2017-06-29 19:50:50 - 3500300026,PHOENIX PETROCORP INC,19499,2R,SE EUREKA UNIT-TUCKER #1,21,133856
2017-06-29 19:50:50 - 3500300163,CHAMPLIN EXPLORATION INC,4030,2R,CHRISTENSEN,1,470258
2017-06-29 19:50:50 - 3500320145,CONTINENTAL RESOURCES INC,3186,CDW,SINGREE,1,446603
2017-06-29 19:50:50 - 3500320786,LINN OPERATING INC,22182,2R,NE CHEROKEE UNIT,85,329426
2017-06-29 19:50:50 - 3500320929,CHAPARRAL ENERGY LLC,16896,2D,R & H,1,483848
2017-06-29 19:50:50 - 3500321074,SANDRIDGE EXPLORATION & PRODUCTION LLC,22281,2R,VELMA,2-19,281652
2017-06-29 19:50:50 - 3500321081,CHAMPLIN EXPLORATION INC,4030,2R,HOLLAND,1-20,470256
2017-06-29 19:50:50 - 3500321107,CHAMPLIN EXPLORATION INC,4030,2R,GRAY,1A,470257
2017-06-29 19:50:50 - 3500321242,PARADIGM PETROLEUM CORPORATION,22867,2R,NORTH CARMEN RED FORK UNIT,8,405305
2017-06-29 19:50:50 - 3500321328,PRIDE ENERGY COMPANY,19430,2D,LESLIE,A-1,1006450004
2017-06-29 19:50:50 - ----- end ParseCmdLine -----
2017-06-29 19:50:50 - Started OccApplication in 27.761 seconds (JVM running for 28.393)
2017-06-29 19:51:11 - Closing org.springframework.boot.context.embedded.AnnotationConfigEmbeddedWebApplicationContext@2aa3cd93: startup date [Thu Jun 29 19:50:38 CDT 2017]; root of context hierarchy
2017-06-29 19:51:11 - Unregistering JMX-exposed beans on shutdown
2017-06-29 19:51:11 - Closing JPA EntityManagerFactory for persistence unit 'default'
2017-06-29 19:55:40 - HV000001: Hibernate Validator 5.3.5.Final
2017-06-29 19:55:44 - Starting OccApplication on MATTHEWs-MacBook-Air.local with PID 1947 (/Users/matthewlee/zulu/occ/target/classes started by matthewlee in /Users/matthewlee/zulu/occ)
2017-06-29 19:55:44 - No active profile set, falling back to default profiles: default
2017-06-29 19:55:44 - Refreshing org.springframework.boot.context.embedded.AnnotationConfigEmbeddedWebApplicationContext@2aa3cd93: startup date [Thu Jun 29 19:55:44 CDT 2017]; root of context hierarchy
2017-06-29 19:55:46 - Tomcat initialized with port(s): 8080 (http)
2017-06-29 19:55:46 - Starting service [Tomcat]
2017-06-29 19:55:46 - Starting Servlet Engine: Apache Tomcat/8.5.15
2017-06-29 19:55:47 - Initializing Spring embedded WebApplicationContext
2017-06-29 19:55:47 - Root WebApplicationContext: initialization completed in 2300 ms
2017-06-29 19:55:47 - Mapping filter: 'characterEncodingFilter' to: [/*]
2017-06-29 19:55:47 - Mapping filter: 'springSecurityFilterChain' to: [/*]
2017-06-29 19:55:47 - Mapping servlet: 'dispatcherServlet' to [/]
2017-06-29 19:55:52 - Loaded JDBC driver: com.mysql.jdbc.Driver
2017-06-29 19:55:52 - Building JPA container EntityManagerFactory for persistence unit 'default'
2017-06-29 19:55:52 - HHH000204: Processing PersistenceUnitInfo [
	name: default
	...]
2017-06-29 19:55:52 - HHH000412: Hibernate Core {5.0.12.Final}
2017-06-29 19:55:52 - HHH000206: hibernate.properties not found
2017-06-29 19:55:52 - HHH000021: Bytecode provider name : javassist
2017-06-29 19:55:52 - HCANN000001: Hibernate Commons Annotations {5.0.1.Final}
2017-06-29 19:55:53 - HHH000400: Using dialect: org.hibernate.dialect.MySQL5Dialect
2017-06-29 19:55:54 - HHH000228: Running hbm2ddl schema update
2017-06-29 19:55:54 - Initialized JPA EntityManagerFactory for persistence unit 'default'
2017-06-29 19:55:54 - Mapped "{[/error]}" onto public org.springframework.http.ResponseEntity<java.util.Map<java.lang.String, java.lang.Object>> org.springframework.boot.autoconfigure.web.BasicErrorController.error(javax.servlet.http.HttpServletRequest)
2017-06-29 19:55:54 - Mapped "{[/error],produces=[text/html]}" onto public org.springframework.web.servlet.ModelAndView org.springframework.boot.autoconfigure.web.BasicErrorController.errorHtml(javax.servlet.http.HttpServletRequest,javax.servlet.http.HttpServletResponse)
2017-06-29 19:55:54 - Looking for @ControllerAdvice: org.springframework.boot.context.embedded.AnnotationConfigEmbeddedWebApplicationContext@2aa3cd93: startup date [Thu Jun 29 19:55:44 CDT 2017]; root of context hierarchy
2017-06-29 19:55:55 - 

Using default security password: c85ef43e-a9f1-4e17-9712-9311c2dc621f

2017-06-29 19:55:55 - Creating filter chain: OrRequestMatcher [requestMatchers=[Ant [pattern='/css/**'], Ant [pattern='/js/**'], Ant [pattern='/images/**'], Ant [pattern='/webjars/**'], Ant [pattern='/**/favicon.ico'], Ant [pattern='/error']]], []
2017-06-29 19:55:55 - Creating filter chain: org.springframework.security.web.util.matcher.AnyRequestMatcher@1, [org.springframework.security.web.context.request.async.WebAsyncManagerIntegrationFilter@f882465, org.springframework.security.web.context.SecurityContextPersistenceFilter@646cd766, org.springframework.security.web.header.HeaderWriterFilter@44bc2449, org.springframework.security.web.csrf.CsrfFilter@47044f7d, org.springframework.security.web.authentication.logout.LogoutFilter@65eb3597, org.springframework.security.web.authentication.UsernamePasswordAuthenticationFilter@b379bc6, org.springframework.security.web.authentication.ui.DefaultLoginPageGeneratingFilter@7a84788f, org.springframework.security.web.savedrequest.RequestCacheAwareFilter@26457986, org.springframework.security.web.servletapi.SecurityContextHolderAwareRequestFilter@53a50b0a, org.springframework.security.web.authentication.AnonymousAuthenticationFilter@72ecbcb3, org.springframework.security.web.session.SessionManagementFilter@7558c24b, org.springframework.security.web.access.ExceptionTranslationFilter@4a864d4d]
2017-06-29 19:55:55 - Creating filter chain: OrRequestMatcher [requestMatchers=[Ant [pattern='/**']]], [org.springframework.security.web.context.request.async.WebAsyncManagerIntegrationFilter@6af65f29, org.springframework.security.web.context.SecurityContextPersistenceFilter@17c0274c, org.springframework.security.web.header.HeaderWriterFilter@448c92fc, org.springframework.security.web.authentication.logout.LogoutFilter@250d440, org.springframework.security.web.authentication.www.BasicAuthenticationFilter@76c86567, org.springframework.security.web.savedrequest.RequestCacheAwareFilter@7abeabe9, org.springframework.security.web.servletapi.SecurityContextHolderAwareRequestFilter@5a05dd30, org.springframework.security.web.authentication.AnonymousAuthenticationFilter@370c9018, org.springframework.security.web.session.SessionManagementFilter@251c8145, org.springframework.security.web.access.ExceptionTranslationFilter@25791d40, org.springframework.security.web.access.intercept.FilterSecurityInterceptor@a2b54e3]
2017-06-29 19:55:56 - Registering beans for JMX exposure on startup
2017-06-29 19:55:56 - Initializing ProtocolHandler ["http-nio-8080"]
2017-06-29 19:55:56 - Starting ProtocolHandler ["http-nio-8080"]
2017-06-29 19:55:56 - Using a shared selector for servlet write/read
2017-06-29 19:55:56 - Tomcat started on port(s): 8080 (http)
2017-06-29 19:55:56 - ----- inside ChatApplication -----
2017-06-29 19:55:56 - ----- inside ChatMsgUserPersistence -----
2017-06-29 19:55:56 - HHH000397: Using ASTQueryTranslatorFactory
2017-06-29 19:55:56 - ----- end ChatMsgUserPersistence -----
2017-06-29 19:55:56 - 1 alex alex@gmail.com secret user true 
2017-06-29 19:55:56 - 2 bob bob@gmail.com secret user false 
2017-06-29 19:55:56 - ----- end ChatApplication -----
2017-06-29 19:55:56 - ----- inside ParseCmdLine -----
2017-06-29 19:55:56 - API#,Operator,Operator ID,WellType,WellName,WellNumber,OrderNumbers
2017-06-29 19:55:56 - 3500300026,PHOENIX PETROCORP INC,19499,2R,SE EUREKA UNIT-TUCKER #1,21,133856
2017-06-29 19:55:56 - 3500300163,CHAMPLIN EXPLORATION INC,4030,2R,CHRISTENSEN,1,470258
2017-06-29 19:55:56 - 3500320145,CONTINENTAL RESOURCES INC,3186,CDW,SINGREE,1,446603
2017-06-29 19:55:56 - 3500320786,LINN OPERATING INC,22182,2R,NE CHEROKEE UNIT,85,329426
2017-06-29 19:55:56 - 3500320929,CHAPARRAL ENERGY LLC,16896,2D,R & H,1,483848
2017-06-29 19:55:56 - 3500321074,SANDRIDGE EXPLORATION & PRODUCTION LLC,22281,2R,VELMA,2-19,281652
2017-06-29 19:55:56 - 3500321081,CHAMPLIN EXPLORATION INC,4030,2R,HOLLAND,1-20,470256
2017-06-29 19:55:56 - 3500321107,CHAMPLIN EXPLORATION INC,4030,2R,GRAY,1A,470257
2017-06-29 19:55:56 - 3500321242,PARADIGM PETROLEUM CORPORATION,22867,2R,NORTH CARMEN RED FORK UNIT,8,405305
2017-06-29 19:55:56 - 3500321328,PRIDE ENERGY COMPANY,19430,2D,LESLIE,A-1,1006450004
2017-06-29 19:55:56 - API#,Operator,Operator ID,WellType,WellName,WellNumber,OrderNumbers
2017-06-29 19:55:56 - 3500300026,PHOENIX PETROCORP INC,19499,2R,SE EUREKA UNIT-TUCKER #1,21,133856
2017-06-29 19:55:56 - 3500300163,CHAMPLIN EXPLORATION INC,4030,2R,CHRISTENSEN,1,470258
2017-06-29 19:55:56 - 3500320145,CONTINENTAL RESOURCES INC,3186,CDW,SINGREE,1,446603
2017-06-29 19:55:56 - 3500320786,LINN OPERATING INC,22182,2R,NE CHEROKEE UNIT,85,329426
2017-06-29 19:55:56 - 3500320929,CHAPARRAL ENERGY LLC,16896,2D,R & H,1,483848
2017-06-29 19:55:56 - 3500321074,SANDRIDGE EXPLORATION & PRODUCTION LLC,22281,2R,VELMA,2-19,281652
2017-06-29 19:55:56 - 3500321081,CHAMPLIN EXPLORATION INC,4030,2R,HOLLAND,1-20,470256
2017-06-29 19:55:56 - 3500321107,CHAMPLIN EXPLORATION INC,4030,2R,GRAY,1A,470257
2017-06-29 19:55:56 - 3500321242,PARADIGM PETROLEUM CORPORATION,22867,2R,NORTH CARMEN RED FORK UNIT,8,405305
2017-06-29 19:55:56 - 3500321328,PRIDE ENERGY COMPANY,19430,2D,LESLIE,A-1,1006450004
2017-06-29 19:55:56 - ----- end ParseCmdLine -----
2017-06-29 19:55:56 - Started OccApplication in 27.136 seconds (JVM running for 27.669)
2017-06-29 20:34:16 - Closing org.springframework.boot.context.embedded.AnnotationConfigEmbeddedWebApplicationContext@2aa3cd93: startup date [Thu Jun 29 19:55:44 CDT 2017]; root of context hierarchy
2017-06-29 20:34:16 - Unregistering JMX-exposed beans on shutdown
2017-06-29 20:34:16 - Closing JPA EntityManagerFactory for persistence unit 'default'
